{"C:\\Users\\mistr\\Documents\\AD&D\\Winter 2026\\Comp 3018\\Assignment_3\\JOI_Validation_and_Firestore_Integration\\src\\api\\v1\\repositories\\firestoreRepository.ts": {"path":"C:\\Users\\mistr\\Documents\\AD&D\\Winter 2026\\Comp 3018\\Assignment_3\\JOI_Validation_and_Firestore_Integration\\src\\api\\v1\\repositories\\firestoreRepository.ts","statementMap":{"0":{"start":{"line":1,"column":0},"end":{"line":1,"column":55}},"1":{"start":{"line":3,"column":30},"end":{"line":28,"column":2}},"2":{"start":{"line":7,"column":21},"end":{"line":28,"column":2}},"3":{"start":{"line":9,"column":2},"end":{"line":27,"column":3}},"4":{"start":{"line":12,"column":4},"end":{"line":17,"column":5}},"5":{"start":{"line":13,"column":6},"end":{"line":13,"column":53}},"6":{"start":{"line":14,"column":6},"end":{"line":14,"column":29}},"7":{"start":{"line":16,"column":6},"end":{"line":16,"column":61}},"8":{"start":{"line":19,"column":4},"end":{"line":19,"column":21}},"9":{"start":{"line":23,"column":6},"end":{"line":23,"column":62}},"10":{"start":{"line":24,"column":4},"end":{"line":26,"column":6}},"11":{"start":{"line":3,"column":13},"end":{"line":3,"column":30}},"12":{"start":{"line":30,"column":31},"end":{"line":50,"column":2}},"13":{"start":{"line":33,"column":56},"end":{"line":50,"column":2}},"14":{"start":{"line":35,"column":2},"end":{"line":49,"column":3}},"15":{"start":{"line":36,"column":52},"end":{"line":39,"column":12}},"16":{"start":{"line":41,"column":4},"end":{"line":41,"column":36}},"17":{"start":{"line":45,"column":6},"end":{"line":45,"column":62}},"18":{"start":{"line":46,"column":4},"end":{"line":48,"column":6}},"19":{"start":{"line":30,"column":13},"end":{"line":30,"column":31}},"20":{"start":{"line":52,"column":28},"end":{"line":66,"column":2}},"21":{"start":{"line":54,"column":46},"end":{"line":66,"column":2}},"22":{"start":{"line":56,"column":2},"end":{"line":65,"column":3}},"23":{"start":{"line":57,"column":4},"end":{"line":57,"column":53}},"24":{"start":{"line":61,"column":6},"end":{"line":61,"column":62}},"25":{"start":{"line":62,"column":4},"end":{"line":64,"column":6}},"26":{"start":{"line":52,"column":13},"end":{"line":52,"column":28}},"27":{"start":{"line":68,"column":30},"end":{"line":84,"column":2}},"28":{"start":{"line":72,"column":19},"end":{"line":84,"column":2}},"29":{"start":{"line":74,"column":2},"end":{"line":83,"column":3}},"30":{"start":{"line":75,"column":4},"end":{"line":75,"column":61}},"31":{"start":{"line":79,"column":6},"end":{"line":79,"column":62}},"32":{"start":{"line":80,"column":4},"end":{"line":82,"column":6}},"33":{"start":{"line":68,"column":13},"end":{"line":68,"column":30}},"34":{"start":{"line":86,"column":30},"end":{"line":101,"column":2}},"35":{"start":{"line":89,"column":19},"end":{"line":101,"column":2}},"36":{"start":{"line":91,"column":2},"end":{"line":100,"column":3}},"37":{"start":{"line":92,"column":4},"end":{"line":92,"column":57}},"38":{"start":{"line":96,"column":6},"end":{"line":96,"column":62}},"39":{"start":{"line":97,"column":4},"end":{"line":99,"column":6}},"40":{"start":{"line":86,"column":13},"end":{"line":86,"column":30}}},"fnMap":{"0":{"name":"(anonymous_7)","decl":{"start":{"line":3,"column":30},"end":{"line":3,"column":null}},"loc":{"start":{"line":7,"column":21},"end":{"line":28,"column":2}}},"1":{"name":"(anonymous_8)","decl":{"start":{"line":7,"column":21},"end":{"line":7,"column":null}},"loc":{"start":{"line":7,"column":21},"end":{"line":28,"column":1}}},"2":{"name":"(anonymous_9)","decl":{"start":{"line":30,"column":31},"end":{"line":30,"column":null}},"loc":{"start":{"line":33,"column":56},"end":{"line":50,"column":2}}},"3":{"name":"(anonymous_10)","decl":{"start":{"line":33,"column":56},"end":{"line":33,"column":null}},"loc":{"start":{"line":33,"column":56},"end":{"line":50,"column":1}}},"4":{"name":"(anonymous_11)","decl":{"start":{"line":52,"column":28},"end":{"line":52,"column":null}},"loc":{"start":{"line":54,"column":46},"end":{"line":66,"column":2}}},"5":{"name":"(anonymous_12)","decl":{"start":{"line":54,"column":46},"end":{"line":54,"column":null}},"loc":{"start":{"line":54,"column":46},"end":{"line":66,"column":1}}},"6":{"name":"(anonymous_13)","decl":{"start":{"line":68,"column":30},"end":{"line":68,"column":null}},"loc":{"start":{"line":72,"column":19},"end":{"line":84,"column":2}}},"7":{"name":"(anonymous_14)","decl":{"start":{"line":72,"column":19},"end":{"line":72,"column":null}},"loc":{"start":{"line":72,"column":19},"end":{"line":84,"column":1}}},"8":{"name":"(anonymous_15)","decl":{"start":{"line":86,"column":30},"end":{"line":86,"column":null}},"loc":{"start":{"line":89,"column":19},"end":{"line":101,"column":2}}},"9":{"name":"(anonymous_16)","decl":{"start":{"line":89,"column":19},"end":{"line":89,"column":null}},"loc":{"start":{"line":89,"column":19},"end":{"line":101,"column":1}}}},"branchMap":{"0":{"loc":{"start":{"line":12,"column":4},"end":{"line":17,"column":5}},"type":"if","locations":[{"start":{"line":12,"column":4},"end":{"line":17,"column":5}},{"start":{"line":15,"column":11},"end":{"line":17,"column":5}}]},"1":{"loc":{"start":{"line":23,"column":6},"end":{"line":23,"column":62}},"type":"cond-expr","locations":[{"start":{"line":23,"column":31},"end":{"line":23,"column":44}},{"start":{"line":23,"column":47},"end":{"line":23,"column":62}}]},"2":{"loc":{"start":{"line":41,"column":11},"end":{"line":41,"column":35}},"type":"cond-expr","locations":[{"start":{"line":41,"column":25},"end":{"line":41,"column":28}},{"start":{"line":41,"column":31},"end":{"line":41,"column":35}}]},"3":{"loc":{"start":{"line":41,"column":11},"end":{"line":41,"column":22}},"type":"cond-expr","locations":[{"start":{"line":41,"column":14},"end":{"line":41,"column":16}},{"start":{"line":41,"column":11},"end":{"line":41,"column":22}}]},"4":{"loc":{"start":{"line":41,"column":11},"end":{"line":41,"column":16}},"type":"binary-expr","locations":[{"start":{"line":41,"column":11},"end":{"line":41,"column":16}},{"start":{"line":41,"column":11},"end":{"line":41,"column":16}}]},"5":{"loc":{"start":{"line":45,"column":6},"end":{"line":45,"column":62}},"type":"cond-expr","locations":[{"start":{"line":45,"column":31},"end":{"line":45,"column":44}},{"start":{"line":45,"column":47},"end":{"line":45,"column":62}}]},"6":{"loc":{"start":{"line":61,"column":6},"end":{"line":61,"column":62}},"type":"cond-expr","locations":[{"start":{"line":61,"column":31},"end":{"line":61,"column":44}},{"start":{"line":61,"column":47},"end":{"line":61,"column":62}}]},"7":{"loc":{"start":{"line":79,"column":6},"end":{"line":79,"column":62}},"type":"cond-expr","locations":[{"start":{"line":79,"column":31},"end":{"line":79,"column":44}},{"start":{"line":79,"column":47},"end":{"line":79,"column":62}}]},"8":{"loc":{"start":{"line":96,"column":6},"end":{"line":96,"column":62}},"type":"cond-expr","locations":[{"start":{"line":96,"column":31},"end":{"line":96,"column":44}},{"start":{"line":96,"column":47},"end":{"line":96,"column":62}}]}},"s":{"0":1,"1":1,"2":0,"3":0,"4":0,"5":0,"6":0,"7":0,"8":0,"9":0,"10":0,"11":1,"12":1,"13":0,"14":0,"15":0,"16":0,"17":0,"18":0,"19":1,"20":1,"21":0,"22":0,"23":0,"24":0,"25":0,"26":1,"27":1,"28":0,"29":0,"30":0,"31":0,"32":0,"33":1,"34":1,"35":0,"36":0,"37":0,"38":0,"39":0,"40":1},"f":{"0":0,"1":0,"2":0,"3":0,"4":0,"5":0,"6":0,"7":0,"8":0,"9":0},"b":{"0":[0,0],"1":[0,0],"2":[0,0],"3":[0,0],"4":[0,0],"5":[0,0],"6":[0,0],"7":[0,0],"8":[0,0]}}
,"C:\\Users\\mistr\\Documents\\AD&D\\Winter 2026\\Comp 3018\\Assignment_3\\JOI_Validation_and_Firestore_Integration\\src\\api\\v1\\services\\eventService.ts": {"path":"C:\\Users\\mistr\\Documents\\AD&D\\Winter 2026\\Comp 3018\\Assignment_3\\JOI_Validation_and_Firestore_Integration\\src\\api\\v1\\services\\eventService.ts","statementMap":{"0":{"start":{"line":2,"column":0},"end":{"line":2,"column":75}},"1":{"start":{"line":5,"column":31},"end":{"line":12,"column":1}},"2":{"start":{"line":6,"column":4},"end":{"line":11,"column":null}},"3":{"start":{"line":5,"column":13},"end":{"line":5,"column":31}},"4":{"start":{"line":14,"column":24},"end":{"line":14,"column":32}},"5":{"start":{"line":17,"column":24},"end":{"line":40,"column":1}},"6":{"start":{"line":18,"column":17},"end":{"line":18,"column":28}},"7":{"start":{"line":20,"column":23},"end":{"line":26,"column":5}},"8":{"start":{"line":21,"column":8},"end":{"line":23,"column":9}},"9":{"start":{"line":22,"column":12},"end":{"line":22,"column":69}},"10":{"start":{"line":25,"column":8},"end":{"line":25,"column":87}},"11":{"start":{"line":27,"column":4},"end":{"line":39,"column":15}},"12":{"start":{"line":43,"column":27},"end":{"line":88,"column":null}},"13":{"start":{"line":43,"column":79},"end":{"line":88,"column":null}},"14":{"start":{"line":44,"column":4},"end":{"line":87,"column":5}},"15":{"start":{"line":45,"column":25},"end":{"line":45,"column":80}},"16":{"start":{"line":47,"column":21},"end":{"line":47,"column":33}},"17":{"start":{"line":48,"column":8},"end":{"line":62,"column":9}},"18":{"start":{"line":49,"column":34},"end":{"line":49,"column":36}},"19":{"start":{"line":50,"column":12},"end":{"line":55,"column":15}},"20":{"start":{"line":51,"column":30},"end":{"line":51,"column":55}},"21":{"start":{"line":52,"column":16},"end":{"line":54,"column":17}},"22":{"start":{"line":53,"column":20},"end":{"line":53,"column":53}},"23":{"start":{"line":57,"column":12},"end":{"line":61,"column":13}},"24":{"start":{"line":58,"column":30},"end":{"line":58,"column":46}},"25":{"start":{"line":59,"column":35},"end":{"line":59,"column":44}},"26":{"start":{"line":60,"column":16},"end":{"line":60,"column":72}},"27":{"start":{"line":64,"column":20},"end":{"line":64,"column":44}},"28":{"start":{"line":65,"column":31},"end":{"line":72,"column":null}},"29":{"start":{"line":75,"column":24},"end":{"line":78,"column":null}},"30":{"start":{"line":81,"column":8},"end":{"line":81,"column":23}},"31":{"start":{"line":85,"column":12},"end":{"line":85,"column":67}},"32":{"start":{"line":86,"column":8},"end":{"line":86,"column":67}},"33":{"start":{"line":43,"column":13},"end":{"line":43,"column":27}},"34":{"start":{"line":91,"column":28},"end":{"line":106,"column":null}},"35":{"start":{"line":91,"column":56},"end":{"line":106,"column":null}},"36":{"start":{"line":92,"column":4},"end":{"line":105,"column":5}},"37":{"start":{"line":93,"column":25},"end":{"line":93,"column":80}},"38":{"start":{"line":95,"column":32},"end":{"line":95,"column":34}},"39":{"start":{"line":96,"column":8},"end":{"line":98,"column":11}},"40":{"start":{"line":97,"column":12},"end":{"line":97,"column":46}},"41":{"start":{"line":100,"column":8},"end":{"line":100,"column":22}},"42":{"start":{"line":103,"column":12},"end":{"line":103,"column":67}},"43":{"start":{"line":104,"column":8},"end":{"line":104,"column":67}},"44":{"start":{"line":91,"column":13},"end":{"line":91,"column":28}},"45":{"start":{"line":109,"column":28},"end":{"line":124,"column":null}},"46":{"start":{"line":109,"column":72},"end":{"line":124,"column":null}},"47":{"start":{"line":110,"column":4},"end":{"line":123,"column":5}},"48":{"start":{"line":111,"column":20},"end":{"line":111,"column":82}},"49":{"start":{"line":113,"column":8},"end":{"line":115,"column":9}},"50":{"start":{"line":114,"column":12},"end":{"line":114,"column":24}},"51":{"start":{"line":117,"column":8},"end":{"line":117,"column":36}},"52":{"start":{"line":121,"column":12},"end":{"line":121,"column":67}},"53":{"start":{"line":122,"column":8},"end":{"line":122,"column":72}},"54":{"start":{"line":109,"column":13},"end":{"line":109,"column":28}},"55":{"start":{"line":127,"column":28},"end":{"line":143,"column":null}},"56":{"start":{"line":130,"column":19},"end":{"line":143,"column":null}},"57":{"start":{"line":131,"column":4},"end":{"line":142,"column":5}},"58":{"start":{"line":132,"column":8},"end":{"line":136,"column":10}},"59":{"start":{"line":140,"column":12},"end":{"line":140,"column":67}},"60":{"start":{"line":141,"column":8},"end":{"line":141,"column":73}},"61":{"start":{"line":127,"column":13},"end":{"line":127,"column":28}},"62":{"start":{"line":146,"column":27},"end":{"line":155,"column":null}},"63":{"start":{"line":146,"column":63},"end":{"line":155,"column":null}},"64":{"start":{"line":147,"column":4},"end":{"line":154,"column":5}},"65":{"start":{"line":148,"column":8},"end":{"line":148,"column":70}},"66":{"start":{"line":152,"column":12},"end":{"line":152,"column":67}},"67":{"start":{"line":153,"column":8},"end":{"line":153,"column":73}},"68":{"start":{"line":146,"column":13},"end":{"line":146,"column":27}}},"fnMap":{"0":{"name":"(anonymous_16)","decl":{"start":{"line":5,"column":31},"end":{"line":5,"column":34}},"loc":{"start":{"line":5,"column":36},"end":{"line":12,"column":1}}},"1":{"name":"(anonymous_17)","decl":{"start":{"line":17,"column":24},"end":{"line":17,"column":25}},"loc":{"start":{"line":17,"column":75},"end":{"line":40,"column":1}}},"2":{"name":"(anonymous_18)","decl":{"start":{"line":20,"column":23},"end":{"line":20,"column":24}},"loc":{"start":{"line":20,"column":50},"end":{"line":26,"column":5}}},"3":{"name":"(anonymous_19)","decl":{"start":{"line":43,"column":27},"end":{"line":43,"column":33}},"loc":{"start":{"line":43,"column":79},"end":{"line":88,"column":null}}},"4":{"name":"(anonymous_20)","decl":{"start":{"line":43,"column":79},"end":{"line":43,"column":null}},"loc":{"start":{"line":43,"column":79},"end":{"line":88,"column":1}}},"5":{"name":"(anonymous_21)","decl":{"start":{"line":50,"column":29},"end":{"line":50,"column":32}},"loc":{"start":{"line":50,"column":35},"end":{"line":55,"column":13}}},"6":{"name":"(anonymous_22)","decl":{"start":{"line":91,"column":28},"end":{"line":91,"column":54}},"loc":{"start":{"line":91,"column":56},"end":{"line":106,"column":null}}},"7":{"name":"(anonymous_23)","decl":{"start":{"line":91,"column":56},"end":{"line":91,"column":null}},"loc":{"start":{"line":91,"column":56},"end":{"line":106,"column":1}}},"8":{"name":"(anonymous_24)","decl":{"start":{"line":96,"column":25},"end":{"line":96,"column":26}},"loc":{"start":{"line":96,"column":33},"end":{"line":98,"column":9}}},"9":{"name":"(anonymous_25)","decl":{"start":{"line":109,"column":28},"end":{"line":109,"column":35}},"loc":{"start":{"line":109,"column":72},"end":{"line":124,"column":null}}},"10":{"name":"(anonymous_26)","decl":{"start":{"line":109,"column":72},"end":{"line":109,"column":null}},"loc":{"start":{"line":109,"column":72},"end":{"line":124,"column":1}}},"11":{"name":"(anonymous_27)","decl":{"start":{"line":127,"column":28},"end":{"line":127,"column":null}},"loc":{"start":{"line":130,"column":19},"end":{"line":143,"column":null}}},"12":{"name":"(anonymous_28)","decl":{"start":{"line":130,"column":19},"end":{"line":130,"column":null}},"loc":{"start":{"line":130,"column":19},"end":{"line":143,"column":1}}},"13":{"name":"(anonymous_29)","decl":{"start":{"line":146,"column":27},"end":{"line":146,"column":34}},"loc":{"start":{"line":146,"column":63},"end":{"line":155,"column":null}}},"14":{"name":"(anonymous_30)","decl":{"start":{"line":146,"column":63},"end":{"line":146,"column":null}},"loc":{"start":{"line":146,"column":63},"end":{"line":155,"column":1}}}},"branchMap":{"0":{"loc":{"start":{"line":21,"column":8},"end":{"line":23,"column":9}},"type":"if","locations":[{"start":{"line":21,"column":8},"end":{"line":23,"column":9}},{"start":{},"end":{}}]},"1":{"loc":{"start":{"line":21,"column":12},"end":{"line":21,"column":81}},"type":"binary-expr","locations":[{"start":{"line":21,"column":12},"end":{"line":21,"column":21}},{"start":{"line":21,"column":25},"end":{"line":21,"column":54}},{"start":{"line":21,"column":58},"end":{"line":21,"column":81}}]},"2":{"loc":{"start":{"line":25,"column":15},"end":{"line":25,"column":86}},"type":"cond-expr","locations":[{"start":{"line":25,"column":27},"end":{"line":25,"column":60}},{"start":{"line":25,"column":62},"end":{"line":25,"column":86}}]},"3":{"loc":{"start":{"line":32,"column":27},"end":{"line":32,"column":54}},"type":"cond-expr","locations":[{"start":{"line":32,"column":49},"end":{"line":32,"column":53}},{"start":{"line":32,"column":53},"end":{"line":32,"column":54}}]},"4":{"loc":{"start":{"line":32,"column":27},"end":{"line":32,"column":53}},"type":"binary-expr","locations":[{"start":{"line":32,"column":27},"end":{"line":32,"column":53}},{"start":{"line":32,"column":49},"end":{"line":32,"column":53}}]},"5":{"loc":{"start":{"line":33,"column":16},"end":{"line":33,"column":39}},"type":"cond-expr","locations":[{"start":{"line":33,"column":27},"end":{"line":33,"column":31}},{"start":{"line":33,"column":31},"end":{"line":33,"column":39}}]},"6":{"loc":{"start":{"line":33,"column":16},"end":{"line":33,"column":31}},"type":"binary-expr","locations":[{"start":{"line":33,"column":16},"end":{"line":33,"column":31}},{"start":{"line":33,"column":27},"end":{"line":33,"column":31}}]},"7":{"loc":{"start":{"line":34,"column":18},"end":{"line":34,"column":44}},"type":"cond-expr","locations":[{"start":{"line":34,"column":31},"end":{"line":34,"column":35}},{"start":{"line":34,"column":35},"end":{"line":34,"column":44}}]},"8":{"loc":{"start":{"line":34,"column":18},"end":{"line":34,"column":35}},"type":"binary-expr","locations":[{"start":{"line":34,"column":18},"end":{"line":34,"column":35}},{"start":{"line":34,"column":31},"end":{"line":34,"column":35}}]},"9":{"loc":{"start":{"line":48,"column":8},"end":{"line":62,"column":9}},"type":"if","locations":[{"start":{"line":48,"column":8},"end":{"line":62,"column":9}},{"start":{},"end":{}}]},"10":{"loc":{"start":{"line":52,"column":16},"end":{"line":54,"column":17}},"type":"if","locations":[{"start":{"line":52,"column":16},"end":{"line":54,"column":17}},{"start":{},"end":{}}]},"11":{"loc":{"start":{"line":57,"column":12},"end":{"line":61,"column":13}},"type":"if","locations":[{"start":{"line":57,"column":12},"end":{"line":61,"column":13}},{"start":{},"end":{}}]},"12":{"loc":{"start":{"line":67,"column":18},"end":{"line":67,"column":84}},"type":"cond-expr","locations":[{"start":{"line":67,"column":35},"end":{"line":67,"column":73}},{"start":{"line":67,"column":75},"end":{"line":67,"column":84}}]},"13":{"loc":{"start":{"line":68,"column":31},"end":{"line":68,"column":63}},"type":"cond-expr","locations":[{"start":{"line":68,"column":58},"end":{"line":68,"column":62}},{"start":{"line":68,"column":62},"end":{"line":68,"column":63}}]},"14":{"loc":{"start":{"line":68,"column":31},"end":{"line":68,"column":62}},"type":"binary-expr","locations":[{"start":{"line":68,"column":31},"end":{"line":68,"column":62}},{"start":{"line":68,"column":58},"end":{"line":68,"column":62}}]},"15":{"loc":{"start":{"line":69,"column":20},"end":{"line":69,"column":48}},"type":"cond-expr","locations":[{"start":{"line":69,"column":36},"end":{"line":69,"column":40}},{"start":{"line":69,"column":40},"end":{"line":69,"column":48}}]},"16":{"loc":{"start":{"line":69,"column":20},"end":{"line":69,"column":40}},"type":"binary-expr","locations":[{"start":{"line":69,"column":20},"end":{"line":69,"column":40}},{"start":{"line":69,"column":36},"end":{"line":69,"column":40}}]},"17":{"loc":{"start":{"line":70,"column":22},"end":{"line":70,"column":53}},"type":"cond-expr","locations":[{"start":{"line":70,"column":40},"end":{"line":70,"column":44}},{"start":{"line":70,"column":44},"end":{"line":70,"column":53}}]},"18":{"loc":{"start":{"line":70,"column":22},"end":{"line":70,"column":44}},"type":"binary-expr","locations":[{"start":{"line":70,"column":22},"end":{"line":70,"column":44}},{"start":{"line":70,"column":40},"end":{"line":70,"column":44}}]},"19":{"loc":{"start":{"line":85,"column":12},"end":{"line":85,"column":67}},"type":"cond-expr","locations":[{"start":{"line":85,"column":37},"end":{"line":85,"column":50}},{"start":{"line":85,"column":52},"end":{"line":85,"column":67}}]},"20":{"loc":{"start":{"line":103,"column":12},"end":{"line":103,"column":67}},"type":"cond-expr","locations":[{"start":{"line":103,"column":37},"end":{"line":103,"column":50}},{"start":{"line":103,"column":52},"end":{"line":103,"column":67}}]},"21":{"loc":{"start":{"line":113,"column":8},"end":{"line":115,"column":9}},"type":"if","locations":[{"start":{"line":113,"column":8},"end":{"line":115,"column":9}},{"start":{},"end":{}}]},"22":{"loc":{"start":{"line":121,"column":12},"end":{"line":121,"column":67}},"type":"cond-expr","locations":[{"start":{"line":121,"column":37},"end":{"line":121,"column":50}},{"start":{"line":121,"column":52},"end":{"line":121,"column":67}}]},"23":{"loc":{"start":{"line":140,"column":12},"end":{"line":140,"column":67}},"type":"cond-expr","locations":[{"start":{"line":140,"column":37},"end":{"line":140,"column":50}},{"start":{"line":140,"column":52},"end":{"line":140,"column":67}}]},"24":{"loc":{"start":{"line":152,"column":12},"end":{"line":152,"column":67}},"type":"cond-expr","locations":[{"start":{"line":152,"column":37},"end":{"line":152,"column":50}},{"start":{"line":152,"column":52},"end":{"line":152,"column":67}}]}},"s":{"0":1,"1":1,"2":1,"3":1,"4":1,"5":1,"6":2,"7":2,"8":6,"9":0,"10":6,"11":2,"12":1,"13":1,"14":1,"15":1,"16":1,"17":1,"18":0,"19":0,"20":0,"21":0,"22":0,"23":0,"24":0,"25":0,"26":0,"27":1,"28":1,"29":1,"30":1,"31":0,"32":0,"33":1,"34":1,"35":1,"36":1,"37":1,"38":1,"39":1,"40":1,"41":1,"42":0,"43":0,"44":1,"45":1,"46":2,"47":2,"48":2,"49":2,"50":1,"51":1,"52":0,"53":0,"54":1,"55":1,"56":1,"57":1,"58":1,"59":0,"60":0,"61":1,"62":1,"63":1,"64":1,"65":1,"66":0,"67":0,"68":1},"f":{"0":1,"1":2,"2":6,"3":1,"4":1,"5":0,"6":1,"7":1,"8":1,"9":2,"10":2,"11":1,"12":1,"13":1,"14":1},"b":{"0":[0,6],"1":[6,2,0],"2":[2,4],"3":[0,2],"4":[2,2],"5":[0,2],"6":[2,2],"7":[0,2],"8":[2,2],"9":[0,1],"10":[0,0],"11":[0,0],"12":[1,0],"13":[0,1],"14":[1,1],"15":[0,1],"16":[1,1],"17":[0,1],"18":[1,1],"19":[0,0],"20":[0,0],"21":[1,1],"22":[0,0],"23":[0,0],"24":[0,0]}}
,"C:\\Users\\mistr\\Documents\\AD&D\\Winter 2026\\Comp 3018\\Assignment_3\\JOI_Validation_and_Firestore_Integration\\src\\api\\v1\\validations\\eventSchemas.ts": {"path":"C:\\Users\\mistr\\Documents\\AD&D\\Winter 2026\\Comp 3018\\Assignment_3\\JOI_Validation_and_Firestore_Integration\\src\\api\\v1\\validations\\eventSchemas.ts","statementMap":{"0":{"start":{"line":1,"column":0},"end":{"line":1,"column":22}},"1":{"start":{"line":3,"column":13},"end":{"line":130,"column":2}}},"fnMap":{},"branchMap":{},"s":{"0":1,"1":1},"f":{},"b":{}}
}
