TN:
SF:src\api\v1\repositories\firestoreRepository.ts
FN:3,(anonymous_7)
FN:7,(anonymous_8)
FN:30,(anonymous_9)
FN:33,(anonymous_10)
FN:52,(anonymous_11)
FN:54,(anonymous_12)
FN:68,(anonymous_13)
FN:72,(anonymous_14)
FN:86,(anonymous_15)
FN:89,(anonymous_16)
FNF:10
FNH:0
FNDA:0,(anonymous_7)
FNDA:0,(anonymous_8)
FNDA:0,(anonymous_9)
FNDA:0,(anonymous_10)
FNDA:0,(anonymous_11)
FNDA:0,(anonymous_12)
FNDA:0,(anonymous_13)
FNDA:0,(anonymous_14)
FNDA:0,(anonymous_15)
FNDA:0,(anonymous_16)
DA:1,1
DA:3,1
DA:7,0
DA:9,0
DA:12,0
DA:13,0
DA:14,0
DA:16,0
DA:19,0
DA:23,0
DA:24,0
DA:30,1
DA:33,0
DA:35,0
DA:36,0
DA:41,0
DA:45,0
DA:46,0
DA:52,1
DA:54,0
DA:56,0
DA:57,0
DA:61,0
DA:62,0
DA:68,1
DA:72,0
DA:74,0
DA:75,0
DA:79,0
DA:80,0
DA:86,1
DA:89,0
DA:91,0
DA:92,0
DA:96,0
DA:97,0
LF:36
LH:6
BRDA:12,0,0,0
BRDA:12,0,1,0
BRDA:23,1,0,0
BRDA:23,1,1,0
BRDA:41,2,0,0
BRDA:41,2,1,0
BRDA:41,3,0,0
BRDA:41,3,1,0
BRDA:41,4,0,0
BRDA:41,4,1,0
BRDA:45,5,0,0
BRDA:45,5,1,0
BRDA:61,6,0,0
BRDA:61,6,1,0
BRDA:79,7,0,0
BRDA:79,7,1,0
BRDA:96,8,0,0
BRDA:96,8,1,0
BRF:18
BRH:0
end_of_record
TN:
SF:src\api\v1\services\eventService.ts
FN:5,(anonymous_16)
FN:17,(anonymous_17)
FN:20,(anonymous_18)
FN:43,(anonymous_19)
FN:43,(anonymous_20)
FN:50,(anonymous_21)
FN:91,(anonymous_22)
FN:91,(anonymous_23)
FN:96,(anonymous_24)
FN:109,(anonymous_25)
FN:109,(anonymous_26)
FN:127,(anonymous_27)
FN:130,(anonymous_28)
FN:146,(anonymous_29)
FN:146,(anonymous_30)
FNF:15
FNH:14
FNDA:1,(anonymous_16)
FNDA:2,(anonymous_17)
FNDA:6,(anonymous_18)
FNDA:1,(anonymous_19)
FNDA:1,(anonymous_20)
FNDA:0,(anonymous_21)
FNDA:1,(anonymous_22)
FNDA:1,(anonymous_23)
FNDA:1,(anonymous_24)
FNDA:2,(anonymous_25)
FNDA:2,(anonymous_26)
FNDA:1,(anonymous_27)
FNDA:1,(anonymous_28)
FNDA:1,(anonymous_29)
FNDA:1,(anonymous_30)
DA:2,1
DA:5,1
DA:6,1
DA:14,1
DA:17,1
DA:18,2
DA:20,2
DA:21,6
DA:22,0
DA:25,6
DA:27,2
DA:43,1
DA:44,1
DA:45,1
DA:47,1
DA:48,1
DA:49,0
DA:50,0
DA:51,0
DA:52,0
DA:53,0
DA:57,0
DA:58,0
DA:59,0
DA:60,0
DA:64,1
DA:65,1
DA:75,1
DA:81,1
DA:85,0
DA:86,0
DA:91,1
DA:92,1
DA:93,1
DA:95,1
DA:96,1
DA:97,1
DA:100,1
DA:103,0
DA:104,0
DA:109,2
DA:110,2
DA:111,2
DA:113,2
DA:114,1
DA:117,1
DA:121,0
DA:122,0
DA:127,1
DA:130,1
DA:131,1
DA:132,1
DA:140,0
DA:141,0
DA:146,1
DA:147,1
DA:148,1
DA:152,0
DA:153,0
LF:59
LH:39
BRDA:21,0,0,0
BRDA:21,0,1,6
BRDA:21,1,0,6
BRDA:21,1,1,2
BRDA:21,1,2,0
BRDA:25,2,0,2
BRDA:25,2,1,4
BRDA:32,3,0,0
BRDA:32,3,1,2
BRDA:32,4,0,2
BRDA:32,4,1,2
BRDA:33,5,0,0
BRDA:33,5,1,2
BRDA:33,6,0,2
BRDA:33,6,1,2
BRDA:34,7,0,0
BRDA:34,7,1,2
BRDA:34,8,0,2
BRDA:34,8,1,2
BRDA:48,9,0,0
BRDA:48,9,1,1
BRDA:52,10,0,0
BRDA:52,10,1,0
BRDA:57,11,0,0
BRDA:57,11,1,0
BRDA:67,12,0,1
BRDA:67,12,1,0
BRDA:68,13,0,0
BRDA:68,13,1,1
BRDA:68,14,0,1
BRDA:68,14,1,1
BRDA:69,15,0,0
BRDA:69,15,1,1
BRDA:69,16,0,1
BRDA:69,16,1,1
BRDA:70,17,0,0
BRDA:70,17,1,1
BRDA:70,18,0,1
BRDA:70,18,1,1
BRDA:85,19,0,0
BRDA:85,19,1,0
BRDA:103,20,0,0
BRDA:103,20,1,0
BRDA:113,21,0,1
BRDA:113,21,1,1
BRDA:121,22,0,0
BRDA:121,22,1,0
BRDA:140,23,0,0
BRDA:140,23,1,0
BRDA:152,24,0,0
BRDA:152,24,1,0
BRF:51
BRH:27
end_of_record
TN:
SF:src\api\v1\validations\eventSchemas.ts
FNF:0
FNH:0
DA:1,1
DA:3,1
LF:2
LH:2
BRF:0
BRH:0
end_of_record
